<?xml version="1.0" encoding="UTF-8"?>
<testng-results ignored="0" total="1" passed="1" failed="0" skipped="0">
  <reporter-output>
  </reporter-output>
  <suite started-at="2020-07-19T21:56:33 EDT" name="Default suite" finished-at="2020-07-19T21:57:15 EDT" duration-ms="41674">
    <groups>
    </groups>
    <test started-at="2020-07-19T21:56:33 EDT" name="Default test" finished-at="2020-07-19T21:57:15 EDT" duration-ms="41674">
      <class name="Sample.GoogleSearch">
        <test-method signature="Magentoreg()[pri:0, instance:Sample.GoogleSearch@6e75aa0d]" started-at="2020-07-19T21:56:33 EDT" name="Magentoreg" finished-at="2020-07-19T21:57:15 EDT" duration-ms="41426" status="PASS">
          <reporter-output>
          </reporter-output>
        </test-method> <!-- Magentoreg -->
      </class> <!-- Sample.GoogleSearch -->
    </test> <!-- Default test -->
  </suite> <!-- Default suite -->
</testng-results>
